<?xml version="1.0" encoding="UTF-8"?>
<!-- Generated by org.testng.reporters.JUnitReportReporter -->
<testsuite hostname="DELL-FJC2FL3" failures="0" tests="1" name="testSample.firstScenario" time="20.386" errors="0" timestamp="2023-10-24T18:49:01 IST" skipped="0">
  <testcase classname="testSample.firstScenario" name="test" time="20.386"/>
</testsuite> <!-- testSample.firstScenario -->
